<?xml version="1.0" encoding="UTF-8"?>
<!-- Generated by org.testng.reporters.JUnitReportReporter -->
<testsuite hostname="DESKTOP-8GDMAI3" failures="0" tests="1" name="com.TestRunner_Demo.com.Testrunner" time="9.985" errors="0" timestamp="2020-11-11T16:08:05 EST" skipped="0">
  <testcase classname="com.TestRunner_Demo.com.Testrunner" name="feature" time="9.985"/>
  <system-out/>
</testsuite> <!-- com.TestRunner_Demo.com.Testrunner -->
